Arguments: 
  C:\Program Files\nodejs\node.exe C:\Program Files (x86)\Yarn\bin\yarn.js init

PATH: 
  C:\Program Files\Git\mingw64\bin;C:\Program Files\Git\usr\bin;C:\Users\Rahul R\bin;C:\xampp\php;C:\WINDOWS\system32;C:\WINDOWS;C:\WINDOWS\System32\Wbem;C:\WINDOWS\System32\WindowsPowerShell\v1.0;C:\Program Files (x86)\NVIDIA Corporation\PhysX\Common;C:\Program Files (x86)\Skype\Phone;C:\Program Files\Git\cmd;C:\Program Files\nodejs;C:\Program Files (x86)\Yarn\bin;C:\Users\Rahul R\AppData\Local\Microsoft\WindowsApps;C:\Users\Rahul R\AppData\Roaming\Dashlane\4.6.5.21982\bin\Firefox_Extension\{442718d9-475e-452a-b3e1-fb1ee16b8e9f}\components;C:\Users\Rahul R\AppData\Roaming\Dashlane\4.6.6.23032\bin\Firefox_Extension\{442718d9-475e-452a-b3e1-fb1ee16b8e9f}\components;%DASHLANE_DLL_DIR%;C:\Program Files\Microsoft VS Code\bin;C:\Program Files\Heroku\bin;C:\Users\Rahul R\AppData\Roaming\npm;C:\Users\Rahul R\AppData\Local\Yarn\bin

Yarn version: 
  1.6.0

Node version: 
  8.11.1

Platform: 
  win32 x64

Trace: 
  Error: canceled
      at Interface.<anonymous> (C:\Program Files (x86)\Yarn\lib\cli.js:129516:13)
      at emitNone (events.js:106:13)
      at Interface.emit (events.js:208:7)
      at Interface._ttyWrite (readline.js:775:16)
      at ReadStream.onkeypress (readline.js:160:10)
      at emitTwo (events.js:126:13)
      at ReadStream.emit (events.js:214:7)
      at emitKeys (internal/readline.js:420:14)
      at emitKeys.next (<anonymous>)
      at ReadStream.onData (readline.js:1011:36)

npm manifest: 
  {
    "name": "express-passport",
    "version": "1.0.0",
    "description": "Experiment",
    "main": "index.js",
    "scripts": {
      "start": "nodemon index"
    },
    "author": "",
    "license": "ISC",
    "dependencies": {
      "body-parser": "^1.18.2",
      "cookie-parser": "^1.4.3",
      "express": "^4.16.3",
      "mongoose": "^5.0.15",
      "passport": "^0.4.0",
      "path": "^0.12.7"
    },
    "devDependencies": {
      "nodemon": "^1.17.3"
    },
    "repository": {
      "type": "git",
      "url": "git+https://github.com/rahulr1/herokutest.git"
    },
    "keywords": [],
    "bugs": {
      "url": "https://github.com/rahulr1/herokutest/issues"
    },
    "homepage": "https://github.com/rahulr1/herokutest#readme"
  }

yarn manifest: 
  No manifest

Lockfile: 
  No lockfile
